<?xml version="1.0" encoding="UTF-8"?>
<!-- Generated by org.testng.reporters.JUnitReportReporter -->
<testsuite hostname="LAPTOP-73S0TF9M" failures="0" tests="1" name="com.essalik.testcases1.SignIn_Testcase" time="18.701" errors="0" timestamp="2022-03-12T20:49:43 IST" skipped="0">
  <testcase classname="com.essalik.testcases1.SignIn_Testcase" name="SignIn" time="18.701"/>
  <system-out/>
</testsuite> <!-- com.essalik.testcases1.SignIn_Testcase -->
