<?xml version="1.0" encoding="UTF-8"?>
<!-- Generated by org.testng.reporters.JUnitReportReporter -->
<testsuite hostname="LAPTOP-73S0TF9M" failures="0" tests="3" name="com.essalik.testcases1.Sign_Up_Testcase_1" time="23.114" errors="0" timestamp="2022-03-12T20:45:00 IST" skipped="0">
  <testcase classname="com.essalik.testcases1.Sign_Up_Testcase_1" name="SignupTestStep_3" time="18.073"/>
  <system-out/>
  <testcase classname="com.essalik.testcases1.Sign_Up_Testcase_1" name="SignupTest" time="4.441"/>
  <system-out/>
  <testcase classname="com.essalik.testcases1.Sign_Up_Testcase_1" name="SignupTestStep_2" time="0.600"/>
  <system-out/>
</testsuite> <!-- com.essalik.testcases1.Sign_Up_Testcase_1 -->
